Token --> ST_Position

real --> -1
@ --> -1
id --> (97, 0)
; --> -1
real --> -1
@ --> -1
id --> (98, 0)
; --> -1
real --> -1
@ --> -1
id --> (99, 0)
; --> -1
real --> -1
@ --> -1
id --> (22, 0)
; --> -1
real --> -1
@ --> -1
id --> (69, 0)
; --> -1
real --> -1
@ --> -1
id --> (70, 0)
; --> -1
real --> -1
@ --> -1
id --> (17, 0)
; --> -1
real --> -1
@ --> -1
id --> (42, 0)
; --> -1
BEGIN --> -1
input --> -1
( --> -1
id --> (97, 0)
) --> -1
; --> -1
input --> -1
( --> -1
id --> (98, 0)
) --> -1
; --> -1
input --> -1
( --> -1
id --> (99, 0)
) --> -1
; --> -1
id --> (22, 0)
= --> -1
( --> -1
( --> -1
id --> (98, 0)
^ --> -1
const --> (50, 0)
) --> -1
- --> -1
( --> -1
( --> -1
const --> (52, 0)
* --> -1
id --> (97, 0)
) --> -1
* --> -1
id --> (99, 0)
) --> -1
) --> -1
; --> -1
if --> -1
% --> -1
id --> (22, 0)
< --> -1
const --> (48, 0)
% --> -1
{ --> -1
output --> -1
( --> -1
const --> (33, 0)
) --> -1
; --> -1
} --> -1
else --> -1
{ --> -1
id --> (17, 0)
= --> -1
( --> -1
id --> (98, 0)
- --> -1
( --> -1
const --> (50, 0)
* --> -1
id --> (98, 0)
) --> -1
) --> -1
; --> -1
id --> (42, 0)
= --> -1
squareRoot --> -1
( --> -1
id --> (22, 0)
) --> -1
; --> -1
id --> (69, 0)
= --> -1
( --> -1
( --> -1
id --> (17, 0)
- --> -1
id --> (42, 0)
) --> -1
/ --> -1
( --> -1
const --> (50, 0)
* --> -1
id --> (97, 0)
) --> -1
) --> -1
; --> -1
id --> (70, 0)
= --> -1
( --> -1
( --> -1
id --> (17, 0)
+ --> -1
id --> (42, 0)
) --> -1
/ --> -1
( --> -1
const --> (50, 0)
* --> -1
id --> (97, 0)
) --> -1
) --> -1
; --> -1
if --> -1
% --> -1
id --> (22, 0)
== --> -1
const --> (48, 0)
% --> -1
{ --> -1
output --> -1
( --> -1
id --> (69, 0)
) --> -1
; --> -1
} --> -1
else --> -1
{ --> -1
output --> -1
( --> -1
id --> (69, 0)
) --> -1
; --> -1
output --> -1
( --> -1
const --> (75, 0)
) --> -1
; --> -1
output --> -1
( --> -1
id --> (70, 0)
) --> -1
; --> -1
} --> -1
; --> -1
} --> -1
; --> -1
END --> -1
